<?xml version="1.0" encoding="UTF-8" ?>
<testsuite failures="0" time="0" errors="0" skipped="0" tests="1" name="com.tutorial.product.dao.ProizvodDAOImplTest">
  <properties>
    <property name="java.vendor" value="IBM Corporation"/>
    <property name="sun.java.launcher" value="SUN_STANDARD"/>
    <property name="os.name" value="Windows 7"/>
    <property name="sun.boot.class.path" value="C:\Program Files (x86)\IBM\WebSphere\AppServer\java_1.7.1_64\jre\bin\compressedrefs\jclSC170\vm.jar;C:\Program Files (x86)\IBM\WebSphere\AppServer\java_1.7.1_64\jre\lib\se-service.jar;C:\Program Files (x86)\IBM\WebSphere\AppServer\java_1.7.1_64\jre\lib\math.jar;C:\Program Files (x86)\IBM\WebSphere\AppServer\java_1.7.1_64\jre\lib\ibmorb.jar;C:\Program Files (x86)\IBM\WebSphere\AppServer\java_1.7.1_64\jre\lib\ibmorbapi.jar;C:\Program Files (x86)\IBM\WebSphere\AppServer\java_1.7.1_64\jre\lib\ibmcfw.jar;C:\Program Files (x86)\IBM\WebSphere\AppServer\java_1.7.1_64\jre\lib\ibmpkcs.jar;C:\Program Files (x86)\IBM\WebSphere\AppServer\java_1.7.1_64\jre\lib\ibmcertpathfw.jar;C:\Program Files (x86)\IBM\WebSphere\AppServer\java_1.7.1_64\jre\lib\ibmjgssfw.jar;C:\Program Files (x86)\IBM\WebSphere\AppServer\java_1.7.1_64\jre\lib\ibmjssefw.jar;C:\Program Files (x86)\IBM\WebSphere\AppServer\java_1.7.1_64\jre\lib\ibmsaslfw.jar;C:\Program Files (x86)\IBM\WebSphere\AppServer\java_1.7.1_64\jre\lib\ibmjcefw.jar;C:\Program Files (x86)\IBM\WebSphere\AppServer\java_1.7.1_64\jre\lib\ibmjgssprovider.jar;C:\Program Files (x86)\IBM\WebSphere\AppServer\java_1.7.1_64\jre\lib\ibmjsseprovider2.jar;C:\Program Files (x86)\IBM\WebSphere\AppServer\java_1.7.1_64\jre\lib\ibmcertpathprovider.jar;C:\Program Files (x86)\IBM\WebSphere\AppServer\java_1.7.1_64\jre\lib\xmldsigfw.jar;C:\Program Files (x86)\IBM\WebSphere\AppServer\java_1.7.1_64\jre\lib\xml.jar;C:\Program Files (x86)\IBM\WebSphere\AppServer\java_1.7.1_64\jre\lib\charsets.jar;C:\Program Files (x86)\IBM\WebSphere\AppServer\java_1.7.1_64\jre\lib\resources.jar;C:\Program Files (x86)\IBM\WebSphere\AppServer\java_1.7.1_64\jre\lib\rt.jar;C:\Program Files (x86)\IBM\WebSphere\AppServer\java_1.7.1_64\jre\lib\dataaccess.jar;C:\Program Files (x86)\IBM\WebSphere\AppServer\java_1.7.1_64\jre\lib\ibmgpu.jar"/>
    <property name="sun.desktop" value="windows"/>
    <property name="java.vm.specification.vendor" value="Oracle Corporation"/>
    <property name="java.runtime.version" value="pwa6470_27sr3fp60ifx-20161110_01 (SR3 FP60+IV90630+IV90578)"/>
    <property name="user.name" value="dpondeljak"/>
    <property name="java.compiler" value="j9jit27"/>
    <property name="os.encoding" value="UTF8"/>
    <property name="guice.disable.misplaced.annotation.check" value="true"/>
    <property name="com.ibm.util.extralibs.properties" value=""/>
    <property name="com.ibm.jcl.checkClassPath" value=""/>
    <property name="user.language" value="hr"/>
    <property name="com.ibm.oti.vm.bootstrap.library.path" value="C:\Program Files (x86)\IBM\WebSphere\AppServer\java_1.7.1_64\jre\bin\compressedrefs;C:\Program Files (x86)\IBM\WebSphere\AppServer\java_1.7.1_64\jre\bin"/>
    <property name="sun.boot.library.path" value="C:\Program Files (x86)\IBM\WebSphere\AppServer\java_1.7.1_64\jre\bin\compressedrefs;C:\Program Files (x86)\IBM\WebSphere\AppServer\java_1.7.1_64\jre\bin"/>
    <property name="classworlds.conf" value="D:\SpringTutorial\.metadata\.plugins\org.eclipse.m2e.launching\launches\m2conf8307888120379817402.tmp"/>
    <property name="java.version" value="1.7.0"/>
    <property name="user.timezone" value="Europe/Belgrade"/>
    <property name="com.ibm.system.agent.path" value="C:\Program Files (x86)\IBM\WebSphere\AppServer\java_1.7.1_64\jre\bin"/>
    <property name="sun.arch.data.model" value="64"/>
    <property name="com.ibm.zero.version" value="2"/>
    <property name="java.endorsed.dirs" value="C:\Program Files (x86)\IBM\WebSphere\AppServer\java_1.7.1_64\jre\lib\endorsed"/>
    <property name="com.ibm.oti.vm.library.version" value="27"/>
    <property name="sun.jnu.encoding" value="Cp1250"/>
    <property name="file.encoding.pkg" value="sun.io"/>
    <property name="file.separator" value="\"/>
    <property name="java.specification.name" value="Java Platform API Specification"/>
    <property name="com.ibm.packed.version" value="2"/>
    <property name="java.class.version" value="51.0"/>
    <property name="user.country" value="HR"/>
    <property name="java.home" value="C:\Program Files (x86)\IBM\WebSphere\AppServer\java_1.7.1_64\jre"/>
    <property name="java.vm.info" value="JRE 1.7.0 Windows 7 amd64-64 Compressed References 20161005_321280 (JIT enabled, AOT enabled)
J9VM - R27_Java727_SR3_20161005_1253_B321280
JIT  - tr.r13.java_20161003_125478
GC   - R27_Java727_SR3_20161005_1253_B321280_CMPRSS
J9CL - 20161005_321280"/>
    <property name="os.version" value="6.1"/>
    <property name="path.separator" value=";"/>
    <property name="java.vm.version" value="2.7"/>
    <property name="user.variant" value=""/>
    <property name="java.awt.printerjob" value="sun.awt.windows.WPrinterJob"/>
    <property name="sun.io.unicode.encoding" value="UnicodeLittle"/>
    <property name="awt.toolkit" value="sun.awt.windows.WToolkit"/>
    <property name="ibm.signalhandling.sigint" value="true"/>
    <property name="user.home" value="D:\Users\dpondeljak"/>
    <property name="com.ibm.cpu.endian" value="little"/>
    <property name="java.specification.vendor" value="Oracle Corporation"/>
    <property name="ibm.signalhandling.sigchain" value="true"/>
    <property name="java.library.path" value="C:\Program Files (x86)\IBM\WebSphere\AppServer\java_1.7.1_64\jre\bin\compressedrefs;C:\Program Files (x86)\IBM\WebSphere\AppServer\java_1.7.1_64\jre\bin;C:\Windows\system32;C:\Windows;C:/Program Files/Java/jre1.8.0_144/bin/server;C:/Program Files/Java/jre1.8.0_144/bin;C:/Program Files/Java/jre1.8.0_144/lib/amd64;C:\ProgramData\Oracle\Java\javapath;C:\Program Files (x86)\Intel\iCLS Client\;C:\Program Files\Intel\iCLS Client\;C:\Windows\system32;C:\Windows;C:\Windows\System32\Wbem;C:\Windows\System32\WindowsPowerShell\v1.0\;C:\Program Files\Intel\Intel(R) Management Engine Components\DAL;C:\Program Files\Intel\Intel(R) Management Engine Components\IPT;C:\Program Files (x86)\Intel\Intel(R) Management Engine Components\DAL;C:\Program Files (x86)\Intel\Intel(R) Management Engine Components\IPT;C:\SWTOOLS\ReadyApps;C:\Program Files (x86)\Common Files\Lenovo;;C:\Windows\System32\WindowsPowerShell\v1.0\;C:\Windows\System32\WindowsPowerShell\v1.0\;C:\STS\sts-3.9.0.RELEASE;;."/>
    <property name="java.vendor.url" value="http://www.ibm.com/"/>
    <property name="java.vm.vendor" value="IBM Corporation"/>
    <property name="java.fullversion" value="JRE 1.7.0 IBM J9 2.7 Windows 7 amd64-64 Compressed References 20161005_321280 (JIT enabled, AOT enabled)
J9VM - R27_Java727_SR3_20161005_1253_B321280
JIT  - tr.r13.java_20161003_125478
GC   - R27_Java727_SR3_20161005_1253_B321280_CMPRSS
J9CL - 20161005_321280"/>
    <property name="maven.home" value="D:\SpringTutorial\productservices\EMBEDDED"/>
    <property name="java.runtime.name" value="Java(TM) SE Runtime Environment"/>
    <property name="sun.java.command" value="org.codehaus.plexus.classworlds.launcher.Launcher -B install"/>
    <property name="java.class.path" value="/C:/STS/sts-3.9.0.RELEASE/plugins/org.eclipse.m2e.maven.runtime_1.8.1.20170728-1531/jars/plexus-classworlds-2.5.2.jar"/>
    <property name="java.vm.specification.name" value="Java Virtual Machine Specification"/>
    <property name="java.vm.specification.version" value="1.7"/>
    <property name="sun.cpu.endian" value="little"/>
    <property name="java.io.tmpdir" value="D:\Users\DPONDE~1\AppData\Local\Temp\"/>
    <property name="maven.multiModuleProjectDirectory" value="D:\SpringTutorial\productservices"/>
    <property name="ibm.system.encoding" value="Cp1250"/>
    <property name="os.arch" value="amd64"/>
    <property name="java.awt.graphicsenv" value="sun.awt.Win32GraphicsEnvironment"/>
    <property name="ibm.signalhandling.rs" value="false"/>
    <property name="java.ext.dirs" value="C:\Program Files (x86)\IBM\WebSphere\AppServer\java_1.7.1_64\jre\lib\ext"/>
    <property name="user.dir" value="D:\SpringTutorial\productservices"/>
    <property name="line.separator" value="
"/>
    <property name="java.vm.name" value="IBM J9 VM"/>
    <property name="com.ibm.oti.shared.enabled" value="false"/>
    <property name="com.ibm.vm.bitmode" value="64"/>
    <property name="file.encoding" value="Cp1250"/>
    <property name="com.ibm.oti.configuration" value="scar"/>
    <property name="com.ibm.oti.jcl.build" value="20161005_321280"/>
    <property name="java.specification.version" value="1.7"/>
  </properties>
  <testcase time="0" classname="com.tutorial.product.dao.ProizvodDAOImplTest" name="createKreiranjeProizvoda"/>
</testsuite>